{
  "stats": {
    "suites": 1,
    "tests": 3,
    "passes": 3,
    "pending": 0,
    "failures": 0,
    "start": "2026-06-21T21:05:11.415Z",
    "end": "2026-06-21T21:05:11.418Z",
    "duration": 3,
    "testsRegistered": 3,
    "passPercent": 100,
    "pendingPercent": 0,
    "other": 0,
    "hasOther": false,
    "skipped": 0,
    "hasSkipped": false
  },
  "results": [
    {
      "uuid": "52a66f5b-1840-4bf9-9377-acb6770a2ca7",
      "title": "",
      "fullFile": "/Users/matusa/projects/pagamentos/test/servicoPagamento.test.js",
      "file": "/test/servicoPagamento.test.js",
      "beforeHooks": [],
      "afterHooks": [],
      "tests": [],
      "suites": [
        {
          "uuid": "edf259a3-0e68-46b8-9ac2-0a529d00f7bc",
          "title": "Servico de pagamento",
          "fullFile": "/Users/matusa/projects/pagamentos/test/servicoPagamento.test.js",
          "file": "/test/servicoPagamento.test.js",
          "beforeHooks": [],
          "afterHooks": [],
          "tests": [
            {
              "title": "Validar pagamento com categoria cara",
              "fullTitle": "Servico de pagamento Validar pagamento com categoria cara",
              "timedOut": false,
              "duration": 0,
              "state": "passed",
              "speed": "fast",
              "pass": true,
              "fail": false,
              "pending": false,
              "context": null,
              "code": "const servico = new ServicoPagamento();\nservico.realizarPagamento(\n    '0987-7656-3475',\n    'Apple',\n    150.00\n);\nconst ultimoPagamento = servico.consultarPagamento();\nassert.equal(ultimoPagamento.categoria, 'cara');",
              "err": {},
              "uuid": "b1483992-4e65-444d-9f79-4d83919d8415",
              "parentUUID": "edf259a3-0e68-46b8-9ac2-0a529d00f7bc",
              "isHook": false,
              "skipped": false
            },
            {
              "title": "Validar pagamento com categoria padrao",
              "fullTitle": "Servico de pagamento Validar pagamento com categoria padrao",
              "timedOut": false,
              "duration": 0,
              "state": "passed",
              "speed": "fast",
              "pass": true,
              "fail": false,
              "pending": false,
              "context": null,
              "code": "const servico = new ServicoPagamento();\nservico.realizarPagamento(\n    '1234-9876-4321',\n    'Samsung',\n    50.25\n);\nconst ultimoPagamento = servico.consultarPagamento();\nassert.equal(ultimoPagamento.categoria, 'padrao');",
              "err": {},
              "uuid": "3e086185-94ce-46b3-a341-fd2feb8bd990",
              "parentUUID": "edf259a3-0e68-46b8-9ac2-0a529d00f7bc",
              "isHook": false,
              "skipped": false
            },
            {
              "title": "Validar consulta do ultimo pagamento",
              "fullTitle": "Servico de pagamento Validar consulta do ultimo pagamento",
              "timedOut": false,
              "duration": 0,
              "state": "passed",
              "speed": "fast",
              "pass": true,
              "fail": false,
              "pending": false,
              "context": null,
              "code": "const servico = new ServicoPagamento();\nservico.realizarPagamento(\n    '0102-0304-0506',\n    'Nike',\n    99.99\n);\nservico.realizarPagamento(\n    '9876-5432-1000',\n    'Adidas',\n    56.87\n);\nconst ultimoPagamento = servico.consultarPagamento();\nassert.equal(ultimoPagamento.codigoBarras, '9876-5432-1000');",
              "err": {},
              "uuid": "c4c3f519-78d8-4c4b-b62d-d953b7d2ad43",
              "parentUUID": "edf259a3-0e68-46b8-9ac2-0a529d00f7bc",
              "isHook": false,
              "skipped": false
            }
          ],
          "suites": [],
          "passes": [
            "b1483992-4e65-444d-9f79-4d83919d8415",
            "3e086185-94ce-46b3-a341-fd2feb8bd990",
            "c4c3f519-78d8-4c4b-b62d-d953b7d2ad43"
          ],
          "failures": [],
          "pending": [],
          "skipped": [],
          "duration": 0,
          "root": false,
          "rootEmpty": false,
          "_timeout": 2000
        }
      ],
      "passes": [],
      "failures": [],
      "pending": [],
      "skipped": [],
      "duration": 0,
      "root": true,
      "rootEmpty": true,
      "_timeout": 2000
    }
  ],
  "meta": {
    "mocha": {
      "version": "11.7.6"
    },
    "mochawesome": {
      "options": {
        "quiet": false,
        "reportFilename": "mochawesome",
        "saveHtml": true,
        "saveJson": true,
        "consoleReporter": "spec",
        "useInlineDiffs": false,
        "code": true
      },
      "version": "7.1.4"
    },
    "marge": {
      "options": null,
      "version": "6.3.2"
    }
  }
}